<?xml version='1.0' encoding='UTF-8'?>
<testsuite hostname="knoldus" name="com.example.MemberSpec" tests="1" errors="1" failures="0" skipped="0" time="0.393" timestamp="2019-03-10T11:11:24">
                     <properties>
[...]
</properties>
                     <testcase classname="com.example.MemberSpec" name="count all records" time="0.393">
                                                 <error message="Table 'Dwag.UserData' doesn't exist" type="com.mysql.jdbc.exceptions.jdbc4.MySQLSyntaxErrorException">com.mysql.jdbc.exceptions.jdbc4.MySQLSyntaxErrorException: Table 'Dwag.UserData' doesn't exist
	at sun.reflect.NativeConstructorAccessorImpl.newInstance0(Native Method)
	at sun.reflect.NativeConstructorAccessorImpl.newInstance(NativeConstructorAccessorImpl.java:62)
	at sun.reflect.DelegatingConstructorAccessorImpl.newInstance(DelegatingConstructorAccessorImpl.java:45)
	at com.mysql.jdbc.Util.handleNewInstance(Util.java:409)
	at com.mysql.jdbc.Util.getInstance(Util.java:384)
	at com.mysql.jdbc.SQLError.createSQLException(SQLError.java:1054)
	at com.mysql.jdbc.MysqlIO.checkErrorPacket(MysqlIO.java:3562)
	at com.mysql.jdbc.MysqlIO.checkErrorPacket(MysqlIO.java:3494)
	at com.mysql.jdbc.MysqlIO.sendCommand(MysqlIO.java:1960)
	at com.mysql.jdbc.MysqlIO.sqlQueryDirect(MysqlIO.java:2114)
	at com.mysql.jdbc.ConnectionImpl.execSQL(ConnectionImpl.java:2696)
	at com.mysql.jdbc.PreparedStatement.executeInternal(PreparedStatement.java:2105)
	at com.mysql.jdbc.PreparedStatement.executeQuery(PreparedStatement.java:2264)
	at org.apache.commons.dbcp2.DelegatingPreparedStatement.executeQuery(DelegatingPreparedStatement.java:122)
	at org.apache.commons.dbcp2.DelegatingPreparedStatement.executeQuery(DelegatingPreparedStatement.java:122)
	at scalikejdbc.DBConnectionAttributesWiredPreparedStatement.executeQuery(DBConnectionAttributesWiredPreparedStatement.scala:64)
	at scalikejdbc.StatementExecutor.$anonfun$executeQuery$1(StatementExecutor.scala:396)
	at scalikejdbc.StatementExecutor$NakedExecutor.apply(StatementExecutor.scala:22)
	at scalikejdbc.StatementExecutor$$anon$1.scalikejdbc$StatementExecutor$LoggingSQLAndTiming$$super$apply(StatementExecutor.scala:376)
	at scalikejdbc.StatementExecutor$LoggingSQLAndTiming.apply(StatementExecutor.scala:320)
	at scalikejdbc.StatementExecutor$LoggingSQLAndTiming.apply$(StatementExecutor.scala:306)
	at scalikejdbc.StatementExecutor$$anon$1.scalikejdbc$StatementExecutor$LoggingSQLIfFailed$$super$apply(StatementExecutor.scala:376)
	at scalikejdbc.StatementExecutor$LoggingSQLIfFailed.apply(StatementExecutor.scala:353)
	at scalikejdbc.StatementExecutor$LoggingSQLIfFailed.apply$(StatementExecutor.scala:352)
	at scalikejdbc.StatementExecutor$$anon$1.apply(StatementExecutor.scala:376)
	at scalikejdbc.StatementExecutor.executeQuery(StatementExecutor.scala:396)
	at scalikejdbc.DBSession.$anonfun$single$1(DBSession.scala:261)
	at scalikejdbc.LoanPattern.using(LoanPattern.scala:18)
	at scalikejdbc.LoanPattern.using$(LoanPattern.scala:16)
	at scalikejdbc.ActiveSession.using(DBSession.scala:837)
	at scalikejdbc.DBSession.single(DBSession.scala:260)
	at scalikejdbc.DBSession.single$(DBSession.scala:258)
	at scalikejdbc.ActiveSession.single(DBSession.scala:837)
	at scalikejdbc.DBSessionWrapper.$anonfun$single$1(DBSessionWrapper.scala:46)
	at scalikejdbc.DBSessionWrapper.$anonfun$withAttributesSwitchedDBSession$1(DBSessionWrapper.scala:34)
	at scalikejdbc.DBSessionAttributesSwitcher.withSwitchedDBSession(DBSessionAttributesSwitcher.scala:31)
	at scalikejdbc.DBSessionWrapper.withAttributesSwitchedDBSession(DBSessionWrapper.scala:33)
	at scalikejdbc.DBSessionWrapper.single(DBSessionWrapper.scala:46)
	at scalikejdbc.SQLToOption.result(SQL.scala:982)
	at scalikejdbc.SQLToOption.result$(SQL.scala:980)
	at scalikejdbc.SQLToOptionImpl.result(SQL.scala:998)
	at scalikejdbc.SQLToOptionImpl.result(SQL.scala:998)
	at scalikejdbc.SQLToResult.$anonfun$apply$21(SQL.scala:811)
	at scalikejdbc.DBConnection.readOnly(DBConnection.scala:211)
	at scalikejdbc.DBConnection.readOnly$(DBConnection.scala:209)
	at scalikejdbc.DB.readOnly(DB.scala:60)
	at scalikejdbc.DB$.$anonfun$readOnly$1(DB.scala:174)
	at scalikejdbc.LoanPattern.using(LoanPattern.scala:18)
	at scalikejdbc.LoanPattern.using$(LoanPattern.scala:16)
	at scalikejdbc.DB$.using(DB.scala:139)
	at scalikejdbc.DB$.readOnly(DB.scala:173)
	at scalikejdbc.SQLToResult.apply(SQL.scala:814)
	at scalikejdbc.SQLToResult.apply$(SQL.scala:805)
	at scalikejdbc.SQLToOptionImpl.apply(SQL.scala:998)
	at com.example.UserDataDBService.getNumberOfUser(UserDataDBService.scala:87)
	at com.example.MemberSpec$$anon$1.delayedEndpoint$com$example$MemberSpec$$anon$1$1(UserDataDBServiceSpec.scala:10)
	at com.example.MemberSpec$$anon$1$delayedInit$body.apply(UserDataDBServiceSpec.scala:9)
	at com.example.MemberSpec$$anon$1.delayedInit(UserDataDBServiceSpec.scala:9)
	at com.example.MemberSpec$$anon$1.&lt;init&gt;(UserDataDBServiceSpec.scala:9)
	at com.example.MemberSpec.$anonfun$new$1(UserDataDBServiceSpec.scala:9)
</error>
                                               </testcase>
                     <system-out><![CDATA[]]></system-out>
                     <system-err><![CDATA[]]></system-err>
                   </testsuite>